<?xml version="1.0" encoding="UTF-8"?>
<testsuite name="com.example.demo1.Demo1ApplicationTests" tests="1" skipped="0" failures="0" errors="0" timestamp="2020-12-01T13:05:51" hostname="owner-GP63-Leopard-8RE" time="0.139">
  <properties/>
  <testcase name="contextLoads()" classname="com.example.demo1.Demo1ApplicationTests" time="0.139"/>
  <system-out><![CDATA[22:05:50.282 [Test worker] DEBUG org.springframework.test.context.BootstrapUtils - Instantiating CacheAwareContextLoaderDelegate from class [org.springframework.test.context.cache.DefaultCacheAwareContextLoaderDelegate]
22:05:50.290 [Test worker] DEBUG org.springframework.test.context.BootstrapUtils - Instantiating BootstrapContext using constructor [public org.springframework.test.context.support.DefaultBootstrapContext(java.lang.Class,org.springframework.test.context.CacheAwareContextLoaderDelegate)]
22:05:50.308 [Test worker] DEBUG org.springframework.test.context.BootstrapUtils - Instantiating TestContextBootstrapper for test class [com.example.demo1.Demo1ApplicationTests] from class [org.springframework.boot.test.context.SpringBootTestContextBootstrapper]
22:05:50.320 [Test worker] INFO org.springframework.boot.test.context.SpringBootTestContextBootstrapper - Neither @ContextConfiguration nor @ContextHierarchy found for test class [com.example.demo1.Demo1ApplicationTests], using SpringBootContextLoader
22:05:50.322 [Test worker] DEBUG org.springframework.test.context.support.AbstractContextLoader - Did not detect default resource location for test class [com.example.demo1.Demo1ApplicationTests]: class path resource [com/example/demo1/Demo1ApplicationTests-context.xml] does not exist
22:05:50.322 [Test worker] DEBUG org.springframework.test.context.support.AbstractContextLoader - Did not detect default resource location for test class [com.example.demo1.Demo1ApplicationTests]: class path resource [com/example/demo1/Demo1ApplicationTestsContext.groovy] does not exist
22:05:50.323 [Test worker] INFO org.springframework.test.context.support.AbstractContextLoader - Could not detect default resource locations for test class [com.example.demo1.Demo1ApplicationTests]: no resource found for suffixes {-context.xml, Context.groovy}.
22:05:50.323 [Test worker] INFO org.springframework.test.context.support.AnnotationConfigContextLoaderUtils - Could not detect default configuration classes for test class [com.example.demo1.Demo1ApplicationTests]: Demo1ApplicationTests does not declare any static, non-private, non-final, nested classes annotated with @Configuration.
22:05:50.348 [Test worker] DEBUG org.springframework.test.context.support.ActiveProfilesUtils - Could not find an 'annotation declaring class' for annotation type [org.springframework.test.context.ActiveProfiles] and class [com.example.demo1.Demo1ApplicationTests]
22:05:50.390 [Test worker] DEBUG org.springframework.context.annotation.ClassPathScanningCandidateComponentProvider - Identified candidate component class: file [/home/owner/Downloads/demo1/build/classes/java/main/com/example/demo1/Demo1Application.class]
22:05:50.391 [Test worker] INFO org.springframework.boot.test.context.SpringBootTestContextBootstrapper - Found @SpringBootConfiguration com.example.demo1.Demo1Application for test class com.example.demo1.Demo1ApplicationTests
22:05:50.447 [Test worker] DEBUG org.springframework.boot.test.context.SpringBootTestContextBootstrapper - @TestExecutionListeners is not present for class [com.example.demo1.Demo1ApplicationTests]: using defaults.
22:05:50.448 [Test worker] INFO org.springframework.boot.test.context.SpringBootTestContextBootstrapper - Loaded default TestExecutionListener class names from location [META-INF/spring.factories]: [org.springframework.boot.test.autoconfigure.restdocs.RestDocsTestExecutionListener, org.springframework.boot.test.autoconfigure.web.client.MockRestServiceServerResetTestExecutionListener, org.springframework.boot.test.autoconfigure.web.servlet.MockMvcPrintOnlyOnFailureTestExecutionListener, org.springframework.boot.test.autoconfigure.web.servlet.WebDriverTestExecutionListener, org.springframework.boot.test.autoconfigure.webservices.client.MockWebServiceServerTestExecutionListener, org.springframework.boot.test.mock.mockito.MockitoTestExecutionListener, org.springframework.boot.test.mock.mockito.ResetMocksTestExecutionListener, org.springframework.test.context.web.ServletTestExecutionListener, org.springframework.test.context.support.DirtiesContextBeforeModesTestExecutionListener, org.springframework.test.context.support.DependencyInjectionTestExecutionListener, org.springframework.test.context.support.DirtiesContextTestExecutionListener, org.springframework.test.context.transaction.TransactionalTestExecutionListener, org.springframework.test.context.jdbc.SqlScriptsTestExecutionListener, org.springframework.test.context.event.EventPublishingTestExecutionListener]
22:05:50.454 [Test worker] DEBUG org.springframework.boot.test.context.SpringBootTestContextBootstrapper - Skipping candidate TestExecutionListener [org.springframework.test.context.transaction.TransactionalTestExecutionListener] due to a missing dependency. Specify custom listener classes or make the default listener classes and their required dependencies available. Offending class: [org/springframework/transaction/TransactionDefinition]
22:05:50.454 [Test worker] DEBUG org.springframework.boot.test.context.SpringBootTestContextBootstrapper - Skipping candidate TestExecutionListener [org.springframework.test.context.jdbc.SqlScriptsTestExecutionListener] due to a missing dependency. Specify custom listener classes or make the default listener classes and their required dependencies available. Offending class: [org/springframework/transaction/interceptor/TransactionAttribute]
22:05:50.454 [Test worker] INFO org.springframework.boot.test.context.SpringBootTestContextBootstrapper - Using TestExecutionListeners: [org.springframework.test.context.web.ServletTestExecutionListener@105bc221, org.springframework.test.context.support.DirtiesContextBeforeModesTestExecutionListener@5077e1f6, org.springframework.boot.test.mock.mockito.MockitoTestExecutionListener@1fd848ef, org.springframework.boot.test.autoconfigure.SpringBootDependencyInjectionTestExecutionListener@1b405251, org.springframework.test.context.support.DirtiesContextTestExecutionListener@55c4d1d2, org.springframework.test.context.event.EventPublishingTestExecutionListener@3ad3e2cd, org.springframework.boot.test.autoconfigure.restdocs.RestDocsTestExecutionListener@67115a48, org.springframework.boot.test.autoconfigure.web.client.MockRestServiceServerResetTestExecutionListener@7eda4e21, org.springframework.boot.test.autoconfigure.web.servlet.MockMvcPrintOnlyOnFailureTestExecutionListener@d635a69, org.springframework.boot.test.autoconfigure.web.servlet.WebDriverTestExecutionListener@28831482, org.springframework.boot.test.autoconfigure.webservices.client.MockWebServiceServerTestExecutionListener@452dc8c0, org.springframework.boot.test.mock.mockito.ResetMocksTestExecutionListener@69aa2d02]
22:05:50.457 [Test worker] DEBUG org.springframework.test.context.support.AbstractDirtiesContextTestExecutionListener - Before test class: context [DefaultTestContext@32fa3b33 testClass = Demo1ApplicationTests, testInstance = [null], testMethod = [null], testException = [null], mergedContextConfiguration = [WebMergedContextConfiguration@7c34173c testClass = Demo1ApplicationTests, locations = '{}', classes = '{class com.example.demo1.Demo1Application}', contextInitializerClasses = '[]', activeProfiles = '{}', propertySourceLocations = '{}', propertySourceProperties = '{org.springframework.boot.test.context.SpringBootTestContextBootstrapper=true}', contextCustomizers = set[org.springframework.boot.test.autoconfigure.properties.PropertyMappingContextCustomizer@0, org.springframework.boot.test.autoconfigure.web.servlet.WebDriverContextCustomizerFactory$Customizer@1c4843bf, org.springframework.boot.test.context.filter.ExcludeFilterContextCustomizer@6af963d2, org.springframework.boot.test.json.DuplicateJsonObjectContextCustomizerFactory$DuplicateJsonObjectContextCustomizer@5fee31c4, org.springframework.boot.test.mock.mockito.MockitoContextCustomizer@0, org.springframework.boot.test.web.client.TestRestTemplateContextCustomizer@6a61b211, org.springframework.boot.test.context.SpringBootTestArgs@1, org.springframework.boot.test.context.SpringBootTestWebEnvironment@723b428a], resourceBasePath = 'src/main/webapp', contextLoader = 'org.springframework.boot.test.context.SpringBootContextLoader', parent = [null]], attributes = map['org.springframework.test.context.web.ServletTestExecutionListener.activateListener' -> true]], class annotated with @DirtiesContext [false] with mode [null].
22:05:50.476 [Test worker] DEBUG org.springframework.test.context.support.TestPropertySourceUtils - Adding inlined properties to environment: {spring.jmx.enabled=false, org.springframework.boot.test.context.SpringBootTestContextBootstrapper=true}

  .   ____          _            __ _ _
 /\\ / ___'_ __ _ _(_)_ __  __ _ \ \ \ \
( ( )\___ | '_ | '_| | '_ \/ _` | \ \ \ \
 \\/  ___)| |_)| | | | | || (_| |  ) ) ) )
  '  |____| .__|_| |_|_| |_\__, | / / / /
 =========|_|==============|___/=/_/_/_/
 :: Spring Boot ::        (v2.3.5.RELEASE)

2020-12-01 22:05:50.611  INFO 122679 --- [    Test worker] com.example.demo1.Demo1ApplicationTests  : Starting Demo1ApplicationTests on owner-GP63-Leopard-8RE with PID 122679 (started by owner in /home/owner/Downloads/demo1)
2020-12-01 22:05:50.612  INFO 122679 --- [    Test worker] com.example.demo1.Demo1ApplicationTests  : No active profile set, falling back to default profiles: default
2020-12-01 22:05:51.261  INFO 122679 --- [    Test worker] o.s.s.concurrent.ThreadPoolTaskExecutor  : Initializing ExecutorService 'applicationTaskExecutor'
2020-12-01 22:05:51.319  INFO 122679 --- [    Test worker] o.s.b.a.w.s.WelcomePageHandlerMapping    : Adding welcome page: class path resource [static/index.html]
2020-12-01 22:05:51.448  INFO 122679 --- [    Test worker] com.example.demo1.Demo1ApplicationTests  : Started Demo1ApplicationTests in 0.967 seconds (JVM running for 1.578)
]]></system-out>
  <system-err><![CDATA[]]></system-err>
</testsuite>
